{"/Users/sergeykalachev/Repositories/sber/src/components/utils.ts": {"path":"/Users/sergeykalachev/Repositories/sber/src/components/utils.ts","statementMap":{"0":{"start":{"line":2,"column":0},"end":{"line":2,"column":16}},"1":{"start":{"line":3,"column":4},"end":{"line":5,"column":5}},"2":{"start":{"line":4,"column":8},"end":{"line":4,"column":53}},"3":{"start":{"line":7,"column":4},"end":{"line":9,"column":7}},"4":{"start":{"line":8,"column":8},"end":{"line":8,"column":30}},"5":{"start":{"line":11,"column":6},"end":{"line":13,"column":7}},"6":{"start":{"line":12,"column":8},"end":{"line":12,"column":30}},"7":{"start":{"line":15,"column":6},"end":{"line":17,"column":7}},"8":{"start":{"line":16,"column":8},"end":{"line":16,"column":31}},"9":{"start":{"line":19,"column":6},"end":{"line":19,"column":28}}},"fnMap":{"0":{"name":"greetings","decl":{"start":{"line":2,"column":16},"end":{"line":2,"column":25}},"loc":{"start":{"line":2,"column":38},"end":{"line":20,"column":1}}}},"branchMap":{"0":{"loc":{"start":{"line":3,"column":4},"end":{"line":5,"column":5}},"type":"if","locations":[{"start":{"line":3,"column":4},"end":{"line":5,"column":5}}]},"1":{"loc":{"start":{"line":3,"column":8},"end":{"line":3,"column":29}},"type":"binary-expr","locations":[{"start":{"line":3,"column":8},"end":{"line":3,"column":16}},{"start":{"line":3,"column":20},"end":{"line":3,"column":29}}]},"2":{"loc":{"start":{"line":7,"column":4},"end":{"line":9,"column":7}},"type":"if","locations":[{"start":{"line":7,"column":4},"end":{"line":9,"column":7}}]},"3":{"loc":{"start":{"line":7,"column":8},"end":{"line":7,"column":30}},"type":"binary-expr","locations":[{"start":{"line":7,"column":8},"end":{"line":7,"column":17}},{"start":{"line":7,"column":21},"end":{"line":7,"column":30}}]},"4":{"loc":{"start":{"line":11,"column":6},"end":{"line":13,"column":7}},"type":"if","locations":[{"start":{"line":11,"column":6},"end":{"line":13,"column":7}}]},"5":{"loc":{"start":{"line":11,"column":10},"end":{"line":11,"column":33}},"type":"binary-expr","locations":[{"start":{"line":11,"column":10},"end":{"line":11,"column":20}},{"start":{"line":11,"column":24},"end":{"line":11,"column":33}}]},"6":{"loc":{"start":{"line":15,"column":6},"end":{"line":17,"column":7}},"type":"if","locations":[{"start":{"line":15,"column":6},"end":{"line":17,"column":7}}]},"7":{"loc":{"start":{"line":15,"column":10},"end":{"line":15,"column":33}},"type":"binary-expr","locations":[{"start":{"line":15,"column":10},"end":{"line":15,"column":20}},{"start":{"line":15,"column":24},"end":{"line":15,"column":33}}]}},"s":{"0":1,"1":5,"2":2,"3":3,"4":1,"5":2,"6":1,"7":1,"8":1,"9":0},"f":{"0":5},"b":{"0":[2],"1":[5,4],"2":[1],"3":[3,3],"4":[1],"5":[2,2],"6":[1],"7":[1,1]}}
,"/Users/sergeykalachev/Repositories/sber/src/components/Service/Service.tsx": {"path":"/Users/sergeykalachev/Repositories/sber/src/components/Service/Service.tsx","statementMap":{"0":{"start":{"line":16,"column":0},"end":{"line":16,"column":16}},"1":{"start":{"line":21,"column":0},"end":{"line":21,"column":16}},"2":{"start":{"line":1,"column":0},"end":{"line":1,"column":26}},"3":{"start":{"line":2,"column":0},"end":{"line":2,"column":23}},"4":{"start":{"line":3,"column":0},"end":{"line":3,"column":33}},"5":{"start":{"line":4,"column":0},"end":{"line":4,"column":49}},"6":{"start":{"line":17,"column":2},"end":{"line":17,"column":15}},"7":{"start":{"line":22,"column":2},"end":{"line":22,"column":60}},"8":{"start":{"line":22,"column":17},"end":{"line":22,"column":59}},"9":{"start":{"line":23,"column":2},"end":{"line":23,"column":15}},"10":{"start":{"line":26,"column":16},"end":{"line":64,"column":1}},"11":{"start":{"line":27,"column":42},"end":{"line":27,"column":57}},"12":{"start":{"line":29,"column":2},"end":{"line":63,"column":4}},"13":{"start":{"line":37,"column":10},"end":{"line":37,"column":29}},"14":{"start":{"line":38,"column":10},"end":{"line":38,"column":31}},"15":{"start":{"line":47,"column":30},"end":{"line":47,"column":51}},"16":{"start":{"line":66,"column":0},"end":{"line":66,"column":23}}},"fnMap":{"0":{"name":"multiply","decl":{"start":{"line":16,"column":16},"end":{"line":16,"column":24}},"loc":{"start":{"line":16,"column":45},"end":{"line":18,"column":1}}},"1":{"name":"divide","decl":{"start":{"line":21,"column":16},"end":{"line":21,"column":22}},"loc":{"start":{"line":21,"column":43},"end":{"line":24,"column":1}}},"2":{"name":"(anonymous_3)","decl":{"start":{"line":26,"column":16},"end":{"line":26,"column":17}},"loc":{"start":{"line":26,"column":94},"end":{"line":64,"column":1}}},"3":{"name":"(anonymous_4)","decl":{"start":{"line":36,"column":17},"end":{"line":36,"column":18}},"loc":{"start":{"line":36,"column":23},"end":{"line":39,"column":9}}},"4":{"name":"(anonymous_5)","decl":{"start":{"line":47,"column":24},"end":{"line":47,"column":27}},"loc":{"start":{"line":47,"column":30},"end":{"line":47,"column":51}}}},"branchMap":{"0":{"loc":{"start":{"line":22,"column":2},"end":{"line":22,"column":60}},"type":"if","locations":[{"start":{"line":22,"column":2},"end":{"line":22,"column":60}}]},"1":{"loc":{"start":{"line":31,"column":29},"end":{"line":31,"column":102}},"type":"cond-expr","locations":[{"start":{"line":31,"column":56},"end":{"line":31,"column":95}},{"start":{"line":31,"column":98},"end":{"line":31,"column":102}}]},"2":{"loc":{"start":{"line":56,"column":27},"end":{"line":56,"column":56}},"type":"cond-expr","locations":[{"start":{"line":56,"column":40},"end":{"line":56,"column":47}},{"start":{"line":56,"column":50},"end":{"line":56,"column":56}}]},"3":{"loc":{"start":{"line":60,"column":9},"end":{"line":60,"column":31}},"type":"cond-expr","locations":[{"start":{"line":60,"column":22},"end":{"line":60,"column":25}},{"start":{"line":60,"column":28},"end":{"line":60,"column":31}}]}},"s":{"0":2,"1":2,"2":2,"3":2,"4":2,"5":2,"6":1,"7":2,"8":1,"9":1,"10":2,"11":0,"12":0,"13":0,"14":0,"15":0,"16":2},"f":{"0":1,"1":2,"2":0,"3":0,"4":0},"b":{"0":[1],"1":[0,0],"2":[0,0],"3":[0,0]}}
,"/Users/sergeykalachev/Repositories/sber/src/components/VideoModal/VideoModal.tsx": {"path":"/Users/sergeykalachev/Repositories/sber/src/components/VideoModal/VideoModal.tsx","statementMap":{"0":{"start":{"line":1,"column":0},"end":{"line":1,"column":26}},"1":{"start":{"line":2,"column":0},"end":{"line":2,"column":32}},"2":{"start":{"line":10,"column":46},"end":{"line":62,"column":1}},"3":{"start":{"line":11,"column":21},"end":{"line":11,"column":91}},"4":{"start":{"line":13,"column":2},"end":{"line":61,"column":4}},"5":{"start":{"line":64,"column":0},"end":{"line":64,"column":26}}},"fnMap":{"0":{"name":"(anonymous_1)","decl":{"start":{"line":10,"column":46},"end":{"line":10,"column":47}},"loc":{"start":{"line":10,"column":86},"end":{"line":62,"column":1}}}},"branchMap":{},"s":{"0":2,"1":2,"2":2,"3":0,"4":0,"5":2},"f":{"0":0},"b":{}}
}
