TN:
SF:src/components/utils.ts
FN:2,greetings
FNF:1
FNH:1
FNDA:5,greetings
DA:2,1
DA:3,5
DA:4,2
DA:7,3
DA:8,1
DA:11,2
DA:12,1
DA:15,1
DA:16,1
DA:19,0
LF:10
LH:9
BRDA:3,0,0,2
BRDA:3,1,0,5
BRDA:3,1,1,4
BRDA:7,2,0,1
BRDA:7,3,0,3
BRDA:7,3,1,3
BRDA:11,4,0,1
BRDA:11,5,0,2
BRDA:11,5,1,2
BRDA:15,6,0,1
BRDA:15,7,0,1
BRDA:15,7,1,1
BRF:12
BRH:12
end_of_record
TN:
SF:src/components/Service/Service.tsx
FN:16,multiply
FN:21,divide
FN:26,(anonymous_3)
FN:36,(anonymous_4)
FN:47,(anonymous_5)
FNF:5
FNH:2
FNDA:1,multiply
FNDA:2,divide
FNDA:0,(anonymous_3)
FNDA:0,(anonymous_4)
FNDA:0,(anonymous_5)
DA:1,2
DA:2,2
DA:3,2
DA:4,2
DA:16,2
DA:17,1
DA:21,2
DA:22,2
DA:23,1
DA:26,2
DA:27,0
DA:29,0
DA:37,0
DA:38,0
DA:47,0
DA:66,2
LF:16
LH:11
BRDA:22,0,0,1
BRDA:31,1,0,0
BRDA:31,1,1,0
BRDA:56,2,0,0
BRDA:56,2,1,0
BRDA:60,3,0,0
BRDA:60,3,1,0
BRF:7
BRH:1
end_of_record
TN:
SF:src/components/VideoModal/VideoModal.tsx
FN:10,(anonymous_1)
FNF:1
FNH:0
FNDA:0,(anonymous_1)
DA:1,2
DA:2,2
DA:10,2
DA:11,0
DA:13,0
DA:64,2
LF:6
LH:4
BRF:0
BRH:0
end_of_record
